\BOOKMARK [2][-]{section*.1}{\376\377\000I\000n\000t\000r\000o\000d\000u\000c\000c\000i\000\363\000n}{}% 1
\BOOKMARK [2][-]{section*.2}{\376\377\000I\000n\000g\000r\000e\000s\000o\000\040\000d\000e\000\040\000d\000a\000t\000o\000s\000\040\000d\000e\000s\000d\000e\000\040\000e\000l\000\040\000t\000e\000c\000l\000a\000d\000o\000\040\000\050\000p\000o\000r\000\040\000c\000o\000n\000s\000o\000l\000a\000\051}{}% 2
\BOOKMARK [2][-]{section*.3}{\376\377\000I\000n\000g\000r\000e\000s\000o\000\040\000d\000e\000\040\000d\000a\000t\000o\000s\000\040\000d\000e\000s\000d\000e\000\040\000a\000r\000c\000h\000i\000v\000o\000s}{}% 3
\BOOKMARK [2][-]{section*.4}{\376\377\000E\000l\000\040\000d\000i\000r\000e\000c\000t\000o\000r\000i\000o\000\040\000d\000e\000\040\000t\000r\000a\000b\000a\000j\000o}{}% 4
\BOOKMARK [2][-]{section*.5}{\376\377\000I\000n\000g\000r\000e\000s\000o\000\040\000d\000e\000\040\000d\000a\000t\000o\000s\000\040\000c\000o\000n\000\040\000r\000e\000a\000d\000.\000t\000a\000b\000l\000e}{}% 5
\BOOKMARK [2][-]{section*.6}{\376\377\000E\000r\000r\000o\000r\000e\000s\000\040\000c\000o\000m\000u\000n\000e\000s\000\040\000e\000n\000\040\000e\000l\000\040\000r\000e\000a\000d\000.\000t\000a\000b\000l\000e\000\050\000\051}{}% 6
\BOOKMARK [2][-]{section*.7}{\376\377\000S\000e\000p\000a\000r\000a\000d\000o\000r\000e\000s\000\040\000y\000\040\000p\000u\000n\000t\000o\000s\000\040\000d\000e\000c\000i\000m\000a\000l\000e\000s}{}% 7
\BOOKMARK [2][-]{section*.8}{\376\377\000O\000t\000r\000a\000s\000\040\000f\000o\000r\000m\000a\000s\000\040\000d\000e\000\040\000i\000m\000p\000o\000r\000t\000a\000r}{}% 8
\BOOKMARK [2][-]{section*.9}{\376\377\000O\000t\000r\000a\000s\000\040\000c\000u\000e\000s\000t\000i\000o\000n\000e\000s\000\040\000s\000o\000b\000r\000e\000\040\000i\000m\000p\000o\000r\000t\000a\000r\000\040\000d\000a\000t\000o\000s}{}% 9
\BOOKMARK [2][-]{section*.10}{\376\377\000I\000m\000p\000o\000r\000t\000a\000r\000\040\000d\000a\000t\000o\000s\000\040\000d\000e\000s\000d\000e\000\040\000l\000a\000\040\000w\000e\000b}{}% 10
\BOOKMARK [2][-]{section*.11}{\376\377\000E\000j\000e\000r\000c\000i\000c\000i\000o}{}% 11
\BOOKMARK [2][-]{section*.12}{\376\377\000r\000e\000a\000d\000.\000t\000a\000b\000l\000e\000\040\000u\000s\000a\000n\000d\000o\000\040\000c\000l\000i\000c\000k\000s}{}% 12
\BOOKMARK [2][-]{section*.13}{\376\377\000r\000e\000a\000d\000.\000t\000a\000b\000l\000e\000\050\000\051\000\040\000d\000e\000s\000d\000e\000\040\000e\000l\000\040\000p\000o\000r\000t\000a\000p\000a\000p\000e\000l\000e\000s}{}% 13
\BOOKMARK [2][-]{section*.14}{\376\377\000I\000m\000p\000o\000r\000t\000a\000r\000\040\000T\000a\000b\000l\000a\000s\000\040\000d\000e\000\040\000c\000o\000n\000t\000i\000g\000e\000n\000c\000i\000a}{}% 14
\BOOKMARK [2][-]{section*.15}{\376\377\000I\000m\000p\000o\000r\000t\000a\000r\000\040\000d\000a\000t\000o\000s\000\040\000u\000s\000a\000n\000d\000o\000\040\000s\000c\000a\000n\000\050\000\051}{}% 15
\BOOKMARK [2][-]{section*.16}{\376\377\000s\000c\000a\000n\000\050\000\051\000\040\000e\000s\000t\000r\000u\000c\000t\000u\000r\000a\000s\000\040\000d\000e\000\040\000d\000a\000t\000o\000s\000\040\000c\000o\000m\000p\000l\000i\000c\000a\000d\000a\000s}{}% 16
\BOOKMARK [2][-]{section*.17}{\376\377\000L\000e\000c\000t\000u\000r\000a\000\040\000d\000e\000\040\000d\000a\000t\000o\000s\000\040\000c\000o\000n\000\040\000r\000e\000a\000d\000L\000i\000n\000e\000s}{}% 17
\BOOKMARK [2][-]{section*.18}{\376\377\000F\000a\000l\000l\000a\000s\000\040\000a\000l\000\040\000u\000s\000a\000r\000\040\000a\000t\000t\000a\000c\000h\000\040\000e\000n\000\040\000u\000n\000\040\000d\000a\000t\000a\000f\000r\000a\000m\000e}{}% 18
\BOOKMARK [2][-]{section*.19}{\376\377\000E\000n\000m\000a\000s\000c\000a\000r\000a\000m\000i\000e\000n\000t\000o}{}% 19
\BOOKMARK [2][-]{section*.20}{\376\377\000F\000o\000r\000m\000a\000t\000o\000s\000\040\000d\000e\000\040\000i\000n\000p\000u\000t\000\040\000y\000\040\000o\000u\000t\000p\000u\000t}{}% 20
